[debug] [2021-01-25T21:53:14.800Z] ----------------------------------------------------------------------
[debug] [2021-01-25T21:53:14.802Z] Command:       C:\Program Files\nodejs\node.exe C:\Users\luizg\AppData\Roaming\npm\node_modules\firebase-tools\lib\bin\firebase.js deploy
[debug] [2021-01-25T21:53:14.803Z] CLI Version:   8.4.3
[debug] [2021-01-25T21:53:14.803Z] Platform:      win32
[debug] [2021-01-25T21:53:14.803Z] Node Version:  v12.14.1
[debug] [2021-01-25T21:53:14.804Z] Time:          Mon Jan 25 2021 18:53:14 GMT-0300 (GMT-03:00)
[debug] [2021-01-25T21:53:14.804Z] ----------------------------------------------------------------------
[debug] [2021-01-25T21:53:14.805Z] 
[debug] [2021-01-25T21:53:14.814Z] > command requires scopes: ["email","openid","https://www.googleapis.com/auth/cloudplatformprojects.readonly","https://www.googleapis.com/auth/firebase","https://www.googleapis.com/auth/cloud-platform"]
[debug] [2021-01-25T21:53:14.815Z] > authorizing via signed-in user
[debug] [2021-01-25T21:53:14.815Z] [iam] checking project pokedex-de595 for permissions ["firebase.projects.get","firebasehosting.sites.update"]
[debug] [2021-01-25T21:53:14.818Z] >>> HTTP REQUEST POST https://cloudresourcemanager.googleapis.com/v1/projects/pokedex-de595:testIamPermissions  
 {"permissions":["firebase.projects.get","firebasehosting.sites.update"]}
[debug] [2021-01-25T21:53:15.791Z] <<< HTTP RESPONSE 200 {"content-type":"application/json; charset=UTF-8","vary":"X-Origin, Referer, Origin,Accept-Encoding","date":"Mon, 25 Jan 2021 21:53:15 GMT","server":"ESF","cache-control":"private","x-xss-protection":"0","x-frame-options":"SAMEORIGIN","x-content-type-options":"nosniff","server-timing":"gfet4t7; dur=725","alt-svc":"h3-29=\":443\"; ma=2592000,h3-T051=\":443\"; ma=2592000,h3-Q050=\":443\"; ma=2592000,h3-Q046=\":443\"; ma=2592000,h3-Q043=\":443\"; ma=2592000,quic=\":443\"; ma=2592000; v=\"46,43\"","accept-ranges":"none","transfer-encoding":"chunked"}
[debug] [2021-01-25T21:53:15.793Z] >>> HTTP REQUEST GET https://firebase.googleapis.com/v1beta1/projects/pokedex-de595  
 
[debug] [2021-01-25T21:53:16.944Z] <<< HTTP RESPONSE 200 {"content-type":"application/json; charset=UTF-8","vary":"X-Origin, Referer, Origin,Accept-Encoding","date":"Mon, 25 Jan 2021 21:53:16 GMT","server":"ESF","cache-control":"private","x-xss-protection":"0","x-frame-options":"SAMEORIGIN","x-content-type-options":"nosniff","alt-svc":"h3-29=\":443\"; ma=2592000,h3-T051=\":443\"; ma=2592000,h3-Q050=\":443\"; ma=2592000,h3-Q046=\":443\"; ma=2592000,h3-Q043=\":443\"; ma=2592000,quic=\":443\"; ma=2592000; v=\"46,43\"","accept-ranges":"none","transfer-encoding":"chunked"}
[debug] [2021-01-25T21:53:16.945Z] [WARNING] Unable to fetch default resources. Falling back to project id (pokedex-de595)
[info] 
[info] === Deploying to 'pokedex-de595'...
[info] 
[info] i  deploying hosting 
[error] 
[error] Error: Expected to be in a project directory, but none was found.
